0 info it worked if it ends with ok
1 verbose cli [ '/Users/cdhu/.nvm/versions/node/v6.11.0/bin/node',
1 verbose cli   '/Users/cdhu/.nvm/versions/node/v6.11.0/bin/npm',
1 verbose cli   'run',
1 verbose cli   'start-webpack' ]
2 info using npm@3.10.10
3 info using node@v6.11.0
4 verbose run-script [ 'prestart-webpack', 'start-webpack', 'poststart-webpack' ]
5 info lifecycle FinalProject@1.0.0~prestart-webpack: FinalProject@1.0.0
6 silly lifecycle FinalProject@1.0.0~prestart-webpack: no script for prestart-webpack, continuing
7 info lifecycle FinalProject@1.0.0~start-webpack: FinalProject@1.0.0
8 verbose lifecycle FinalProject@1.0.0~start-webpack: unsafe-perm in lifecycle true
9 verbose lifecycle FinalProject@1.0.0~start-webpack: PATH: /Users/cdhu/.nvm/versions/node/v6.11.0/lib/node_modules/npm/bin/node-gyp-bin:/Users/cdhu/lighthouse/React-Travel-App/node_modules/.bin:/Users/cdhu/.nvm/versions/node/v6.11.0/lib/node_modules/npm/bin/node-gyp-bin:/Users/cdhu/lighthouse/React-Travel-App/node_modules/.bin:/Users/cdhu/.nvm/versions/node/v6.11.0/bin:/Library/Frameworks/Python.framework/Versions/3.6/bin:/Library/Frameworks/Python.framework/Versions/3.6/bin:/Applications/Postgres.app/Contents/Versions/9.4/bin:/usr/local:/usr/local/bin:/usr/local/sbin:/usr/bin:/usr/local/bin:/usr/bin:/bin:/usr/sbin:/sbin
10 verbose lifecycle FinalProject@1.0.0~start-webpack: CWD: /Users/cdhu/lighthouse/React-Travel-App
11 silly lifecycle FinalProject@1.0.0~start-webpack: Args: [ '-c', 'webpack-dev-server --watch-poll' ]
12 silly lifecycle FinalProject@1.0.0~start-webpack: Returned: code: 1  signal: null
13 info lifecycle FinalProject@1.0.0~start-webpack: Failed to exec start-webpack script
14 verbose stack Error: FinalProject@1.0.0 start-webpack: `webpack-dev-server --watch-poll`
14 verbose stack Exit status 1
14 verbose stack     at EventEmitter.<anonymous> (/Users/cdhu/.nvm/versions/node/v6.11.0/lib/node_modules/npm/lib/utils/lifecycle.js:255:16)
14 verbose stack     at emitTwo (events.js:106:13)
14 verbose stack     at EventEmitter.emit (events.js:191:7)
14 verbose stack     at ChildProcess.<anonymous> (/Users/cdhu/.nvm/versions/node/v6.11.0/lib/node_modules/npm/lib/utils/spawn.js:40:14)
14 verbose stack     at emitTwo (events.js:106:13)
14 verbose stack     at ChildProcess.emit (events.js:191:7)
14 verbose stack     at maybeClose (internal/child_process.js:891:16)
14 verbose stack     at Process.ChildProcess._handle.onexit (internal/child_process.js:226:5)
15 verbose pkgid FinalProject@1.0.0
16 verbose cwd /Users/cdhu/lighthouse/React-Travel-App
17 error Darwin 16.6.0
18 error argv "/Users/cdhu/.nvm/versions/node/v6.11.0/bin/node" "/Users/cdhu/.nvm/versions/node/v6.11.0/bin/npm" "run" "start-webpack"
19 error node v6.11.0
20 error npm  v3.10.10
21 error code ELIFECYCLE
22 error FinalProject@1.0.0 start-webpack: `webpack-dev-server --watch-poll`
22 error Exit status 1
23 error Failed at the FinalProject@1.0.0 start-webpack script 'webpack-dev-server --watch-poll'.
23 error Make sure you have the latest version of node.js and npm installed.
23 error If you do, this is most likely a problem with the FinalProject package,
23 error not with npm itself.
23 error Tell the author that this fails on your system:
23 error     webpack-dev-server --watch-poll
23 error You can get information on how to open an issue for this project with:
23 error     npm bugs FinalProject
23 error Or if that isn't available, you can get their info via:
23 error     npm owner ls FinalProject
23 error There is likely additional logging output above.
24 verbose exit [ 1, true ]
